<?xml version="1.0" encoding="UTF-8"?>
<!-- Generated by org.testng.reporters.JUnitReportReporter -->
<testsuite hostname="Avinashs-Air.bbrouter" failures="0" tests="2" name="com.orangeHRM.tests.LoginPageTest" time="12.778" errors="0" timestamp="2023-12-12T10:35:21 IST" skipped="1">
  <testcase classname="com.orangeHRM.tests.LoginPageTest" name="login" time="12.778"/>
  <system-out/>
  <testcase classname="com.orangeHRM.tests.LoginPageTest" name="logoDisplay">
    <skipped/>
  </testcase> <!-- logoDisplay -->
  <system-out/>
</testsuite> <!-- com.orangeHRM.tests.LoginPageTest -->
